<?xml version="1.0" encoding="UTF-8"?>
<!-- Generated by org.testng.reporters.JUnitReportReporter -->
<testsuite skipped="0" hostname="IB" name="Zoopla.Test.SearchPage_TestCase" tests="1" failures="0" timestamp="11 Nov 2020 11:41:47 GMT" time="44.251" errors="0">
  <testcase name="asearchTest" time="44.251" classname="Zoopla.Test.SearchPage_TestCase"/>
</testsuite> <!-- Zoopla.Test.SearchPage_TestCase -->
